# JRE version: OpenJDK Runtime Environment Microsoft-25199 (11.0.12+7) (build 11.0.12+7)
# Java VM: OpenJDK 64-Bit Server VM Microsoft-25199 (11.0.12+7, mixed mode, tiered, compressed oops, g1 gc, windows-amd64)
Heap:
 garbage-first heap   total 262144K, used 171919K [0x00000000e0000000, 0x0000000100000000)
  region size 1024K, 149 young (152576K), 6 survivors (6144K)
 Metaspace       used 50103K, capacity 51465K, committed 51632K, reserved 301056K
  class space    used 6535K, capacity 7082K, committed 7168K, reserved 253952K
GC Heap History (10 events):
Event: 1.546 GC heap before
{Heap before GC invocations=0 (full 0):
 garbage-first heap   total 262144K, used 28672K [0x00000000e0000000, 0x0000000100000000)
  region size 1024K, 24 young (24576K), 0 survivors (0K)
 Metaspace       used 10128K, capacity 10400K, committed 10624K, reserved 264192K
  class space    used 1048K, capacity 1105K, committed 1152K, reserved 253952K
}
Event: 1.552 GC heap after
{Heap after GC invocations=1 (full 0):
 garbage-first heap   total 262144K, used 10545K [0x00000000e0000000, 0x0000000100000000)
  region size 1024K, 3 young (3072K), 3 survivors (3072K)
 Metaspace       used 10128K, capacity 10400K, committed 10624K, reserved 264192K
  class space    used 1048K, capacity 1105K, committed 1152K, reserved 253952K
}
Event: 4.394 GC heap before
{Heap before GC invocations=1 (full 0):
 garbage-first heap   total 262144K, used 110897K [0x00000000e0000000, 0x0000000100000000)
  region size 1024K, 102 young (104448K), 3 survivors (3072K)
 Metaspace       used 20837K, capacity 21238K, committed 21296K, reserved 274432K
  class space    used 2526K, capacity 2686K, committed 2688K, reserved 253952K
}
Event: 4.402 GC heap after
{Heap after GC invocations=2 (full 0):
 garbage-first heap   total 262144K, used 18009K [0x00000000e0000000, 0x0000000100000000)
  region size 1024K, 11 young (11264K), 11 survivors (11264K)
 Metaspace       used 20837K, capacity 21238K, committed 21296K, reserved 274432K
  class space    used 2526K, capacity 2686K, committed 2688K, reserved 253952K
}
Event: 4.676 GC heap before
{Heap before GC invocations=3 (full 0):
 garbage-first heap   total 262144K, used 40537K [0x00000000e0000000, 0x0000000100000000)
  region size 1024K, 33 young (33792K), 11 survivors (11264K)
 Metaspace       used 23070K, capacity 23642K, committed 23856K, reserved 276480K
  class space    used 2889K, capacity 3106K, committed 3200K, reserved 253952K
}
Event: 4.680 GC heap after
{Heap after GC invocations=4 (full 0):
 garbage-first heap   total 262144K, used 19042K [0x00000000e0000000, 0x0000000100000000)
  region size 1024K, 2 young (2048K), 2 survivors (2048K)
 Metaspace       used 23070K, capacity 23642K, committed 23856K, reserved 276480K
  class space    used 2889K, capacity 3106K, committed 3200K, reserved 253952K
}
Event: 6.193 GC heap before
{Heap before GC invocations=4 (full 0):
 garbage-first heap   total 262144K, used 131682K [0x00000000e0000000, 0x0000000100000000)
  region size 1024K, 112 young (114688K), 2 survivors (2048K)
 Metaspace       used 34595K, capacity 35509K, committed 35632K, reserved 284672K
  class space    used 4630K, capacity 4961K, committed 4992K, reserved 253952K
}
Event: 6.198 GC heap after
{Heap after GC invocations=5 (full 0):
 garbage-first heap   total 262144K, used 23242K [0x00000000e0000000, 0x0000000100000000)
  region size 1024K, 6 young (6144K), 6 survivors (6144K)
 Metaspace       used 34595K, capacity 35509K, committed 35632K, reserved 284672K
  class space    used 4630K, capacity 4961K, committed 4992K, reserved 253952K
}
Event: 6.218 GC heap before
{Heap before GC invocations=5 (full 0):
 garbage-first heap   total 262144K, used 23242K [0x00000000e0000000, 0x0000000100000000)
  region size 1024K, 7 young (7168K), 6 survivors (6144K)
 Metaspace       used 34813K, capacity 35768K, committed 35888K, reserved 286720K
  class space    used 4638K, capacity 4962K, committed 4992K, reserved 253952K
}
Event: 6.226 GC heap after
{Heap after GC invocations=6 (full 0):
 garbage-first heap   total 262144K, used 23439K [0x00000000e0000000, 0x0000000100000000)
  region size 1024K, 6 young (6144K), 6 survivors (6144K)
 Metaspace       used 34813K, capacity 35768K, committed 35888K, reserved 286720K
  class space    used 4638K, capacity 4962K, committed 4992K, reserved 253952K
}

